<?xml version="1.0" encoding="UTF-8"?>
<!-- Generated by org.testng.reporters.JUnitXMLReporter -->
<testsuite ignored="0" hostname="Nusrats-MacBook-Air.local" failures="0" tests="2" name="Default test" time="3.551" errors="0" timestamp="2024-01-26T12:35:46 EST">
  <testcase classname="io.cucumber.testng.AbstractTestNGCucumberTests" name="runScenario" time="3.278"/>
  <testcase classname="io.cucumber.testng.AbstractTestNGCucumberTests" name="runScenario" time="3.444"/>
</testsuite> <!-- Default test -->
