<?xml version="1.0" encoding="UTF-8"?>
<testng-results ignored="0" total="6" passed="6" failed="0" skipped="0">
  <reporter-output>
  </reporter-output>
  <suite started-at="2024-01-26T16:53:58 EST" name="Default suite" finished-at="2024-01-26T16:54:06 EST" duration-ms="8728">
    <groups>
      <group name="cucumber">
        <method signature="AbstractTestNGCucumberTests.runScenario(io.cucumber.testng.PickleWrapper,io.cucumber.testng.FeatureWrapper)[pri:0, instance:cucumberOptions.TestNGTestRunner@5b218417]" name="runScenario" class="io.cucumber.testng.AbstractTestNGCucumberTests"/>
      </group> <!-- cucumber -->
    </groups>
    <test started-at="2024-01-26T16:53:58 EST" name="Default test" finished-at="2024-01-26T16:54:06 EST" duration-ms="8728">
      <class name="cucumberOptions.TestNGTestRunner">
        <test-method is-config="true" signature="setUpClass(org.testng.ITestContext)[pri:0, instance:cucumberOptions.TestNGTestRunner@5b218417]" started-at="2024-01-26T16:53:58 EST" name="setUpClass" finished-at="2024-01-26T16:53:58 EST" duration-ms="90" status="PASS">
          <params>
            <param index="0">
              <value>
                <![CDATA[org.testng.TestRunner@6c25e6c4]]>
              </value>
            </param>
          </params>
          <reporter-output>
          </reporter-output>
        </test-method> <!-- setUpClass -->
        <test-method signature="runScenario(io.cucumber.testng.PickleWrapper,io.cucumber.testng.FeatureWrapper)[pri:0, instance:cucumberOptions.TestNGTestRunner@5b218417]" started-at="2024-01-26T16:53:58 EST" name="runScenario" description="Runs Cucumber Scenarios" data-provider="scenarios" finished-at="2024-01-26T16:54:03 EST" duration-ms="5052" status="PASS">
          <params>
            <param index="0">
              <value>
                <![CDATA["Bing search and validation"]]>
              </value>
            </param>
            <param index="1">
              <value>
                <![CDATA["Use Bing search"]]>
              </value>
            </param>
          </params>
          <reporter-output>
          </reporter-output>
        </test-method> <!-- runScenario -->
        <test-method signature="runScenario(io.cucumber.testng.PickleWrapper,io.cucumber.testng.FeatureWrapper)[pri:0, instance:cucumberOptions.TestNGTestRunner@5b218417]" started-at="2024-01-26T16:53:58 EST" name="runScenario" description="Runs Cucumber Scenarios" data-provider="scenarios" finished-at="2024-01-26T16:54:03 EST" duration-ms="5479" status="PASS">
          <params>
            <param index="0">
              <value>
                <![CDATA["Bing search using button and validation"]]>
              </value>
            </param>
            <param index="1">
              <value>
                <![CDATA["Use Bing search"]]>
              </value>
            </param>
          </params>
          <reporter-output>
          </reporter-output>
        </test-method> <!-- runScenario -->
        <test-method signature="runScenario(io.cucumber.testng.PickleWrapper,io.cucumber.testng.FeatureWrapper)[pri:0, instance:cucumberOptions.TestNGTestRunner@5b218417]" started-at="2024-01-26T16:53:58 EST" name="runScenario" description="Runs Cucumber Scenarios" data-provider="scenarios" finished-at="2024-01-26T16:54:04 EST" duration-ms="6317" status="PASS">
          <params>
            <param index="0">
              <value>
                <![CDATA["Bing search and link validation"]]>
              </value>
            </param>
            <param index="1">
              <value>
                <![CDATA["Use Bing search"]]>
              </value>
            </param>
          </params>
          <reporter-output>
          </reporter-output>
        </test-method> <!-- runScenario -->
        <test-method signature="runScenario(io.cucumber.testng.PickleWrapper,io.cucumber.testng.FeatureWrapper)[pri:0, instance:cucumberOptions.TestNGTestRunner@5b218417]" started-at="2024-01-26T16:53:58 EST" name="runScenario" description="Runs Cucumber Scenarios" data-provider="scenarios" finished-at="2024-01-26T16:54:03 EST" duration-ms="5011" status="PASS">
          <params>
            <param index="0">
              <value>
                <![CDATA["Bing search and validation"]]>
              </value>
            </param>
            <param index="1">
              <value>
                <![CDATA["Use Bing search"]]>
              </value>
            </param>
          </params>
          <reporter-output>
          </reporter-output>
        </test-method> <!-- runScenario -->
        <test-method signature="runScenario(io.cucumber.testng.PickleWrapper,io.cucumber.testng.FeatureWrapper)[pri:0, instance:cucumberOptions.TestNGTestRunner@5b218417]" started-at="2024-01-26T16:53:58 EST" name="runScenario" description="Runs Cucumber Scenarios" data-provider="scenarios" finished-at="2024-01-26T16:54:06 EST" duration-ms="8619" status="PASS">
          <params>
            <param index="0">
              <value>
                <![CDATA["Bing search and link validation"]]>
              </value>
            </param>
            <param index="1">
              <value>
                <![CDATA["Use Bing search"]]>
              </value>
            </param>
          </params>
          <reporter-output>
          </reporter-output>
        </test-method> <!-- runScenario -->
        <test-method signature="runScenario(io.cucumber.testng.PickleWrapper,io.cucumber.testng.FeatureWrapper)[pri:0, instance:cucumberOptions.TestNGTestRunner@5b218417]" started-at="2024-01-26T16:53:58 EST" name="runScenario" description="Runs Cucumber Scenarios" data-provider="scenarios" finished-at="2024-01-26T16:54:02 EST" duration-ms="4768" status="PASS">
          <params>
            <param index="0">
              <value>
                <![CDATA["Bing search using button and validation"]]>
              </value>
            </param>
            <param index="1">
              <value>
                <![CDATA["Use Bing search"]]>
              </value>
            </param>
          </params>
          <reporter-output>
          </reporter-output>
        </test-method> <!-- runScenario -->
        <test-method is-config="true" signature="tearDownClass()[pri:0, instance:cucumberOptions.TestNGTestRunner@5b218417]" started-at="2024-01-26T16:54:06 EST" name="tearDownClass" finished-at="2024-01-26T16:54:06 EST" duration-ms="1" status="PASS">
          <reporter-output>
          </reporter-output>
        </test-method> <!-- tearDownClass -->
      </class> <!-- cucumberOptions.TestNGTestRunner -->
    </test> <!-- Default test -->
  </suite> <!-- Default suite -->
</testng-results>
