<?xml version="1.0" encoding="UTF-8"?>
<testng-results ignored="0" total="2" passed="2" failed="0" skipped="0">
  <reporter-output>
  </reporter-output>
  <suite started-at="2024-01-19T17:08:56 EST" name="Default suite" finished-at="2024-01-19T17:09:00 EST" duration-ms="4461">
    <groups>
      <group name="cucumber">
        <method signature="AbstractTestNGCucumberTests.runScenario(io.cucumber.testng.PickleWrapper,io.cucumber.testng.FeatureWrapper)[pri:0, instance:cucumberOptions.TestNGTestRunner@5bda8e08]" name="runScenario" class="io.cucumber.testng.AbstractTestNGCucumberTests"/>
      </group> <!-- cucumber -->
    </groups>
    <test started-at="2024-01-19T17:08:56 EST" name="Default test" finished-at="2024-01-19T17:09:00 EST" duration-ms="4461">
      <class name="cucumberOptions.TestNGTestRunner">
        <test-method is-config="true" signature="setUpClass(org.testng.ITestContext)[pri:0, instance:cucumberOptions.TestNGTestRunner@5bda8e08]" started-at="2024-01-19T17:08:56 EST" name="setUpClass" finished-at="2024-01-19T17:08:56 EST" duration-ms="136" status="PASS">
          <params>
            <param index="0">
              <value>
                <![CDATA[org.testng.TestRunner@79b08632]]>
              </value>
            </param>
          </params>
          <reporter-output>
          </reporter-output>
        </test-method> <!-- setUpClass -->
        <test-method signature="runScenario(io.cucumber.testng.PickleWrapper,io.cucumber.testng.FeatureWrapper)[pri:0, instance:cucumberOptions.TestNGTestRunner@5bda8e08]" started-at="2024-01-19T17:08:56 EST" name="runScenario" description="Runs Cucumber Scenarios" data-provider="scenarios" finished-at="2024-01-19T17:08:58 EST" duration-ms="2396" status="PASS">
          <params>
            <param index="0">
              <value>
                <![CDATA["Google search and validation"]]>
              </value>
            </param>
            <param index="1">
              <value>
                <![CDATA["Use google search"]]>
              </value>
            </param>
          </params>
          <reporter-output>
          </reporter-output>
        </test-method> <!-- runScenario -->
        <test-method signature="runScenario(io.cucumber.testng.PickleWrapper,io.cucumber.testng.FeatureWrapper)[pri:0, instance:cucumberOptions.TestNGTestRunner@5bda8e08]" started-at="2024-01-19T17:08:58 EST" name="runScenario" description="Runs Cucumber Scenarios" data-provider="scenarios" finished-at="2024-01-19T17:09:00 EST" duration-ms="1893" status="PASS">
          <params>
            <param index="0">
              <value>
                <![CDATA["Google search and validation"]]>
              </value>
            </param>
            <param index="1">
              <value>
                <![CDATA["Use google search"]]>
              </value>
            </param>
          </params>
          <reporter-output>
          </reporter-output>
        </test-method> <!-- runScenario -->
        <test-method is-config="true" signature="tearDownClass()[pri:0, instance:cucumberOptions.TestNGTestRunner@5bda8e08]" started-at="2024-01-19T17:09:00 EST" name="tearDownClass" finished-at="2024-01-19T17:09:00 EST" duration-ms="4" status="PASS">
          <reporter-output>
          </reporter-output>
        </test-method> <!-- tearDownClass -->
      </class> <!-- cucumberOptions.TestNGTestRunner -->
    </test> <!-- Default test -->
  </suite> <!-- Default suite -->
</testng-results>
